[00:58:53] [INFO] 
============================================================
[00:58:53] [INFO] GENERATING NEW MATERIALS: S_SUPERALLOYS
[00:58:53] [INFO] Target: 82 | Already created: 0
[00:58:53] [INFO] ============================================================
[00:58:53] [INFO]   [1/82] Generating S-NI-001: Inconel 718 (Solution Treated + Aged)...
[00:59:07] [INFO]       [OK] Created with 19 sections
[00:59:07] [INFO]   [2/82] Generating S-NI-002: Inconel 625 (Annealed)...
[00:59:23] [INFO]       [OK] Created with 19 sections
[00:59:24] [INFO]   [3/82] Generating S-NI-003: Inconel 600 (Annealed)...
[00:59:40] [INFO]       [OK] Created with 19 sections
[00:59:40] [INFO]   [4/82] Generating S-NI-004: Inconel 601 (Annealed)...
[00:59:56] [INFO]       [OK] Created with 19 sections
[00:59:57] [INFO]   [5/82] Generating S-NI-005: Inconel 617 (Solution Treated)...
[01:00:13] [INFO]       [OK] Created with 19 sections
[01:00:13] [INFO]   [SAVED] s_superalloys_batch_20260125_010013.js (5 materials)
[01:00:13] [INFO]   [6/82] Generating S-NI-006: Inconel 690 (Annealed)...
[01:00:29] [INFO]       [OK] Created with 19 sections
[01:00:30] [INFO]   [7/82] Generating S-NI-007: Inconel 713C (As-Cast)...
[01:00:46] [INFO]       [OK] Created with 19 sections
[01:00:47] [INFO]   [8/82] Generating S-NI-008: Inconel 738 (Cast + Aged)...
[01:01:01] [INFO]       [OK] Created with 19 sections
[01:01:01] [INFO]   [9/82] Generating S-NI-009: Inconel 792 (Cast + Aged)...
[01:01:18] [INFO]       [OK] Created with 19 sections
[01:01:18] [INFO]   [10/82] Generating S-NI-010: Inconel X-750 (Aged)...
[01:01:33] [INFO]       [OK] Created with 19 sections
[01:01:33] [INFO]   [SAVED] s_superalloys_batch_20260125_010133.js (5 materials)
[01:01:33] [INFO]   [11/82] Generating S-NI-011: Waspaloy (Solution Treated + Aged)...
[01:01:48] [INFO]       [OK] Created with 19 sections
[01:01:49] [INFO]   [12/82] Generating S-NI-012: Rene 41 (Solution Treated + Aged)...
[01:02:02] [INFO]       [OK] Created with 19 sections
[01:02:03] [INFO]   [13/82] Generating S-NI-013: Rene 80 (Cast + Aged)...
[01:02:19] [INFO]       [OK] Created with 19 sections
[01:02:19] [INFO]   [14/82] Generating S-NI-014: Rene 88DT (Powder Metallurgy)...
[01:02:34] [INFO]       [OK] Created with 19 sections
[01:02:35] [INFO]   [15/82] Generating S-NI-015: Rene 95 (Powder Metallurgy)...
[01:02:49] [INFO]       [OK] Created with 19 sections
[01:02:49] [INFO]   [SAVED] s_superalloys_batch_20260125_010249.js (5 materials)
[01:02:50] [INFO]   [16/82] Generating S-NI-016: Rene 104 (Powder Metallurgy)...
[01:03:04] [INFO]       [OK] Created with 19 sections
[01:03:05] [INFO]   [17/82] Generating S-NI-017: Rene N5 (Single Crystal)...
[01:03:19] [INFO]       [OK] Created with 19 sections
[01:03:20] [INFO]   [18/82] Generating S-NI-018: MAR-M-246 (Cast)...
[01:03:34] [INFO]       [OK] Created with 19 sections
[01:03:35] [INFO]   [19/82] Generating S-NI-019: MAR-M-247 (Cast + HIP)...
[01:03:56] [INFO]       [OK] Created with 19 sections
[01:03:57] [INFO]   [20/82] Generating S-NI-020: MAR-M-200 (Cast)...
[01:04:11] [INFO]       [OK] Created with 19 sections
[01:04:11] [INFO]   [SAVED] s_superalloys_batch_20260125_010411.js (5 materials)
[01:04:12] [INFO]   [21/82] Generating S-NI-021: MAR-M-509 (Cast)...
[01:04:26] [INFO]       [OK] Created with 19 sections
[01:04:26] [INFO]   [22/82] Generating S-NI-022: Hastelloy X (Solution Treated)...
[01:04:40] [INFO]       [OK] Created with 19 sections
[01:04:40] [INFO]   [23/82] Generating S-NI-023: Hastelloy C-276 (Solution Treated)...
[01:04:54] [INFO]       [OK] Created with 19 sections
[01:04:55] [INFO]   [24/82] Generating S-NI-024: Hastelloy C-22 (Solution Treated)...
[01:05:09] [INFO]       [OK] Created with 19 sections
[01:05:10] [INFO]   [25/82] Generating S-NI-025: Hastelloy B-2 (Solution Treated)...
[01:05:24] [INFO]       [OK] Created with 19 sections
[01:05:24] [INFO]   [SAVED] s_superalloys_batch_20260125_010524.js (5 materials)
[01:05:24] [INFO]   [26/82] Generating S-NI-026: Hastelloy G-30 (Solution Treated)...
[01:05:39] [INFO]       [OK] Created with 19 sections
[01:05:39] [INFO]   [27/82] Generating S-NI-027: Haynes 188 (Solution Treated)...
[01:05:53] [INFO]       [OK] Created with 19 sections
[01:05:54] [INFO]   [28/82] Generating S-NI-028: Haynes 230 (Solution Treated)...
[01:06:12] [INFO]       [OK] Created with 19 sections
[01:06:13] [INFO]   [29/82] Generating S-NI-029: Haynes 214 (Solution Treated)...
[01:06:27] [INFO]       [OK] Created with 19 sections
[01:06:28] [INFO]   [30/82] Generating S-NI-030: Haynes 25 (L-605) (Solution Treated)...
[01:06:41] [INFO]       [OK] Created with 19 sections
[01:06:41] [INFO]   [SAVED] s_superalloys_batch_20260125_010641.js (5 materials)
[01:06:42] [INFO]   [31/82] Generating S-NI-031: Haynes 556 (Solution Treated)...
[01:06:56] [INFO]       [OK] Created with 19 sections
[01:06:57] [INFO]   [32/82] Generating S-NI-032: Nimonic 75 (Annealed)...
[01:07:11] [INFO]       [OK] Created with 19 sections
[01:07:11] [INFO]   [33/82] Generating S-NI-033: Nimonic 80A (Solution Treated + Aged)...
[01:07:25] [INFO]       [OK] Created with 19 sections
[01:07:26] [INFO]   [34/82] Generating S-NI-034: Nimonic 90 (Solution Treated + Aged)...
[01:07:39] [INFO]       [OK] Created with 19 sections
[01:07:40] [INFO]   [35/82] Generating S-NI-035: Nimonic 105 (Solution Treated + Aged)...
[01:07:55] [INFO]       [OK] Created with 19 sections
[01:07:55] [INFO]   [SAVED] s_superalloys_batch_20260125_010755.js (5 materials)
[01:07:56] [INFO]   [36/82] Generating S-NI-036: Nimonic 115 (Solution Treated + Aged)...
[01:08:10] [INFO]       [OK] Created with 19 sections
[01:08:11] [INFO]   [37/82] Generating S-NI-037: Nimonic 263 (Solution Treated + Aged)...
[01:08:25] [INFO]       [OK] Created with 19 sections
[01:08:25] [INFO]   [38/82] Generating S-NI-038: Udimet 500 (Solution Treated + Aged)...
[01:08:40] [INFO]       [OK] Created with 19 sections
[01:08:40] [INFO]   [39/82] Generating S-NI-039: Udimet 520 (Solution Treated + Aged)...
[01:08:55] [INFO]       [OK] Created with 19 sections
[01:08:56] [INFO]   [40/82] Generating S-NI-040: Udimet 700 (Solution Treated + Aged)...
[01:09:10] [INFO]       [OK] Created with 19 sections
[01:09:10] [INFO]   [SAVED] s_superalloys_batch_20260125_010910.js (5 materials)
[01:09:11] [INFO]   [41/82] Generating S-NI-041: Udimet 720 (Solution Treated + Aged)...
[01:09:27] [INFO]       [OK] Created with 19 sections
[01:09:27] [INFO]   [42/82] Generating S-NI-042: Astroloy (Powder Metallurgy)...
[01:09:44] [INFO]       [OK] Created with 19 sections
[01:09:44] [INFO]   [43/82] Generating S-NI-043: IN-100 (Cast)...
[01:10:01] [INFO]       [OK] Created with 19 sections
[01:10:01] [INFO]   [44/82] Generating S-NI-044: IN-713C (Cast)...
[01:10:16] [INFO]       [OK] Created with 19 sections
[01:10:17] [INFO]   [45/82] Generating S-NI-045: IN-738LC (Cast)...
[01:10:32] [INFO]       [OK] Created with 19 sections
[01:10:32] [INFO]   [SAVED] s_superalloys_batch_20260125_011032.js (5 materials)
[01:10:32] [INFO]   [46/82] Generating S-NI-046: IN-939 (Cast)...
[01:10:47] [INFO]       [OK] Created with 19 sections
[01:10:47] [INFO]   [47/82] Generating S-NI-047: GTD-111 (Directionally Solidified)...
[01:11:02] [INFO]       [OK] Created with 19 sections
[01:11:02] [INFO]   [48/82] Generating S-NI-048: GTD-222 (Single Crystal)...
[01:11:16] [INFO]       [OK] Created with 19 sections
[01:11:17] [INFO]   [49/82] Generating S-NI-049: CMSX-4 (Single Crystal)...
[01:11:32] [INFO]       [OK] Created with 19 sections
[01:11:33] [INFO]   [50/82] Generating S-NI-050: CMSX-10 (Single Crystal)...
[01:11:47] [INFO]       [OK] Created with 19 sections
[01:11:47] [INFO]   [SAVED] s_superalloys_batch_20260125_011147.js (5 materials)
[01:11:48] [INFO]   [51/82] Generating S-NI-051: PWA 1480 (Single Crystal)...
[01:12:03] [INFO]       [OK] Created with 19 sections
[01:12:03] [INFO]   [52/82] Generating S-NI-052: PWA 1484 (Single Crystal)...
[01:12:20] [INFO]       [OK] Created with 19 sections
[01:12:20] [INFO]   [53/82] Generating S-NI-053: Alloy 617B (Wrought)...
[01:12:37] [INFO]       [OK] Created with 19 sections
[01:12:38] [INFO]   [54/82] Generating S-NI-054: Alloy 800H (Solution Treated)...
[01:12:55] [INFO]       [OK] Created with 19 sections
[01:12:55] [INFO]   [55/82] Generating S-NI-055: Alloy 800HT (Solution Treated)...
[01:13:12] [INFO]       [OK] Created with 19 sections
[01:13:12] [INFO]   [SAVED] s_superalloys_batch_20260125_011312.js (5 materials)
[01:13:12] [INFO]   [56/82] Generating S-NI-056: Alloy 825 (Annealed)...
[01:13:26] [INFO]       [OK] Created with 19 sections
[01:13:26] [INFO]   [57/82] Generating S-NI-057: Alloy 901 (Solution Treated + Aged)...
[01:13:41] [INFO]       [OK] Created with 19 sections
[01:13:42] [INFO]   [58/82] Generating S-NI-058: Alloy 903 (Solution Treated + Aged)...
[01:13:58] [INFO]       [OK] Created with 19 sections
[01:13:58] [INFO]   [59/82] Generating S-NI-059: Alloy 907 (Solution Treated + Aged)...
[01:14:15] [INFO]       [OK] Created with 19 sections
[01:14:15] [INFO]   [60/82] Generating S-NI-060: Alloy 909 (Solution Treated + Aged)...
[01:14:29] [INFO]       [OK] Created with 19 sections
[01:14:29] [INFO]   [SAVED] s_superalloys_batch_20260125_011429.js (5 materials)
[01:14:30] [INFO]   [61/82] Generating S-NI-061: MP35N (Cold Worked + Aged)...
[01:14:44] [INFO]       [OK] Created with 19 sections
[01:14:44] [INFO]   [62/82] Generating S-NI-062: MP159 (Cold Worked + Aged)...
[01:14:59] [INFO]       [OK] Created with 19 sections
[01:14:59] [INFO]   [63/82] Generating S-NI-063: Incoloy 800 (Annealed)...
[01:15:14] [INFO]       [OK] Created with 19 sections
[01:15:15] [INFO]   [64/82] Generating S-NI-064: Incoloy 825 (Annealed)...
[01:15:30] [INFO]       [OK] Created with 19 sections
[01:15:31] [INFO]   [65/82] Generating S-NI-065: Incoloy 901 (Solution Treated + Aged)...
[01:15:45] [INFO]       [OK] Created with 19 sections
[01:15:45] [INFO]   [SAVED] s_superalloys_batch_20260125_011545.js (5 materials)
[01:15:46] [INFO]   [66/82] Generating S-NI-066: Incoloy 903 (Solution Treated + Aged)...
[01:16:07] [INFO]       [OK] Created with 19 sections
[01:16:07] [INFO]   [67/82] Generating S-NI-067: Incoloy 907 (Solution Treated + Aged)...
[01:16:21] [INFO]       [OK] Created with 19 sections
[01:16:22] [INFO]   [68/82] Generating S-NI-068: Incoloy 909 (Solution Treated + Aged)...
[01:16:36] [INFO]       [OK] Created with 19 sections
[01:16:36] [INFO]   [69/82] Generating S-NI-069: A-286 (Solution Treated + Aged)...
[01:16:50] [INFO]       [OK] Created with 19 sections
[01:16:51] [INFO]   [70/82] Generating S-NI-070: Pyromet 718 (Solution Treated + Aged)...
[01:17:06] [INFO]       [OK] Created with 19 sections
[01:17:06] [INFO]   [SAVED] s_superalloys_batch_20260125_011706.js (5 materials)
[01:17:06] [INFO]   [71/82] Generating S-NI-071: Pyromet 31V (Solution Treated + Aged)...
[01:17:24] [INFO]       [OK] Created with 19 sections
[01:17:25] [INFO]   [72/82] Generating S-NI-072: Custom Age 625 Plus (Aged)...
[01:17:43] [INFO]       [OK] Created with 19 sections
[01:17:43] [INFO]   [73/82] Generating S-NI-073: Thermo-Span (Solution Treated + Aged)...
[01:17:57] [INFO]       [OK] Created with 19 sections
[01:17:58] [INFO]   [74/82] Generating S-NI-074: Allvac 718Plus (Solution Treated + Aged)...
[01:18:13] [INFO]       [OK] Created with 19 sections
[01:18:13] [INFO]   [75/82] Generating S-NI-075: Inconel 100 (Cast)...
[01:18:27] [INFO]       [OK] Created with 19 sections
[01:18:27] [INFO]   [SAVED] s_superalloys_batch_20260125_011827.js (5 materials)
[01:18:28] [INFO]   [76/82] Generating S-NI-076: Inconel 713LC (Cast)...
[01:18:42] [INFO]       [OK] Created with 19 sections
[01:18:43] [INFO]   [77/82] Generating S-NI-077: Inconel 939 (Cast)...
[01:18:57] [INFO]       [OK] Created with 19 sections
[01:18:57] [INFO]   [78/82] Generating S-NI-078: Inconel MA754 (ODS)...
[01:19:12] [INFO]       [OK] Created with 19 sections
[01:19:13] [INFO]   [79/82] Generating S-NI-079: Inconel MA758 (ODS)...
[01:19:27] [INFO]       [OK] Created with 19 sections
[01:19:27] [INFO]   [80/82] Generating S-NI-080: PM2000 (ODS)...
[01:19:41] [INFO]       [OK] Created with 19 sections
[01:19:41] [INFO]   [SAVED] s_superalloys_batch_20260125_011941.js (5 materials)
[01:19:41] [INFO]   [81/82] Generating S-NI-081: Kanthal APM (ODS)...
[01:19:55] [INFO]       [OK] Created with 19 sections
[01:19:56] [INFO]   [82/82] Generating S-NI-082: Stellite 6B (Wrought)...
[01:20:13] [INFO]       [OK] Created with 19 sections
[01:20:13] [INFO]   [SAVED] s_superalloys_batch_20260125_012013.js (2 materials)
[01:20:13] [INFO] 
[COMPLETE] S_SUPERALLOYS: 82 materials created
